.............................................                            [100%]
=============================== tests coverage ================================
_______________ coverage: platform win32, python 3.13.1-final-0 _______________

Name            Stmts   Miss Branch BrPart  Cover   Missing
-----------------------------------------------------------
errors.py          10      0      0      0   100%
main.py            23      0      2      0   100%
similarity.py      32      0     10      0   100%
textio.py          24      0      6      0   100%
-----------------------------------------------------------
TOTAL              89      0     18      0   100%
45 passed in 0.29s
